#
# There is insufficient memory for the Java Runtime Environment to continue.
# Native memory allocation (malloc) failed to allocate 1048576 bytes for E in C:\jdk7u2_64p\jdk7u13\hotspot\src\share\vm\utilities/taskqueue.hpp
# Possible reasons:
#   The system is out of physical RAM or swap space
#   In 32 bit mode, the process size limit was hit
# Possible solutions:
#   Reduce memory load on the system
#   Increase physical memory or swap space
#   Check if swap backing store is full
#   Use 64 bit Java on a 64 bit OS
#   Decrease Java heap size (-Xmx/-Xms)
#   Decrease number of Java threads
#   Decrease Java thread stack sizes (-Xss)
#   Set larger code cache with -XX:ReservedCodeCacheSize=
# This output file may be truncated or incomplete.
#
#  Out of Memory Error (memory/allocation.inline.hpp:58), pid=2928, tid=10880
#
# JRE version: 7.0_13-b20
# Java VM: Java HotSpot(TM) 64-Bit Server VM (23.7-b01 mixed mode windows-amd64 compressed oops)
# Failed to write core dump. Minidumps are not enabled by default on client versions of Windows
#

---------------  T H R E A D  ---------------

Current thread (0x000000000275e000):  JavaThread "Unknown thread" [_thread_in_vm, id=10880, stack(0x0000000002820000,0x0000000002920000)]

Stack: [0x0000000002820000,0x0000000002920000]

---------------  P R O C E S S  ---------------

Java Threads: ( => current thread )

Other Threads:

=>0x000000000275e000 (exited) JavaThread "Unknown thread" [_thread_in_vm, id=10880, stack(0x0000000002820000,0x0000000002920000)]

VM state:not at safepoint (normal execution)

VM Mutex/Monitor currently owned by a thread: None

Heap
 PSYoungGen      total 9024K, used 154K [0x00000000f5eb0000, 0x00000000f68c0000, 0x0000000100000000)
  eden space 7744K, 2% used [0x00000000f5eb0000,0x00000000f5ed6bf0,0x00000000f6640000)
  from space 1280K, 0% used [0x00000000f6780000,0x00000000f6780000,0x00000000f68c0000)
  to   space 1280K, 0% used [0x00000000f6640000,0x00000000f6640000,0x00000000f6780000)
 ParOldGen       total 20672K, used 0K [0x00000000e1c00000, 0x00000000e3030000, 0x00000000f5eb0000)
  object space 20672K, 0% used [0x00000000e1c00000,0x00000000e1c00000,0x00000000e3030000)
 PSPermGen       total 21248K, used 685K [0x00000000dca00000, 0x00000000ddec0000, 0x00000000e1c00000)
  object space 21248K, 3% used [0x00000000dca00000,0x00000000dcaab460,0x00000000ddec0000)

Card table byte_map: [0x0000000005a20000,0x0000000005b40000] byte_map_base: 0x000000000533b000

Polling page: 0x0000000000bc0000

Code Cache  [0x0000000002a20000, 0x0000000002c90000, 0x0000000005a20000)
 total_blobs=39 nmethods=0 adapters=20 free_code_cache=48889Kb largest_free_block=50062912

Compilation events (0 events):
No events

GC Heap History (0 events):
No events

Deoptimization events (0 events):
No events

Internal exceptions (0 events):
No events

Events (10 events):
Event: 0.447 loading class 0x0000000002930e80
Event: 0.447 loading class 0x0000000002930e80 done
Event: 0.447 loading class 0x0000000002930fa0
Event: 0.447 loading class 0x0000000002930fa0 done
Event: 0.447 loading class 0x00000000029309d0
Event: 0.447 loading class 0x00000000029309d0 done
Event: 0.448 loading class 0x0000000002966470
Event: 0.448 loading class 0x0000000002966470 done
Event: 0.448 loading class 0x0000000002966bf0
Event: 0.448 loading class 0x0000000002966bf0 done


Dynamic libraries:
0x00007ff667130000 - 0x00007ff667163000 	C:\Program Files\Java\jre7\bin\javaw.exe
0x00007ffa7f9d0000 - 0x00007ffa7fb91000 	C:\WINDOWS\SYSTEM32\ntdll.dll
0x00007ffa7f760000 - 0x00007ffa7f80d000 	C:\WINDOWS\system32\KERNEL32.DLL
0x00007ffa7ca10000 - 0x00007ffa7cbf8000 	C:\WINDOWS\system32\KERNELBASE.dll
0x00007ffa7d970000 - 0x00007ffa7da17000 	C:\WINDOWS\system32\ADVAPI32.dll
0x00007ffa7f930000 - 0x00007ffa7f9cd000 	C:\WINDOWS\system32\msvcrt.dll
0x00007ffa7f3d0000 - 0x00007ffa7f42b000 	C:\WINDOWS\system32\sechost.dll
0x00007ffa7f810000 - 0x00007ffa7f92c000 	C:\WINDOWS\system32\RPCRT4.dll
0x00007ffa7d060000 - 0x00007ffa7d1b6000 	C:\WINDOWS\system32\USER32.dll
0x00007ffa7f240000 - 0x00007ffa7f3c6000 	C:\WINDOWS\system32\GDI32.dll
0x00007ffa72a80000 - 0x00007ffa72cf4000 	C:\WINDOWS\WinSxS\amd64_microsoft.windows.common-controls_6595b64144ccf1df_6.0.10586.494_none_a2d8b04ea53e3145\COMCTL32.dll
0x00007ffa7d2b0000 - 0x00007ffa7d52d000 	C:\WINDOWS\system32\combase.dll
0x00007ffa7c9a0000 - 0x00007ffa7ca0a000 	C:\WINDOWS\system32\bcryptPrimitives.dll
0x00007ffa7f200000 - 0x00007ffa7f23b000 	C:\WINDOWS\system32\IMM32.DLL
0x0000000050b70000 - 0x0000000050c41000 	C:\Program Files\Java\jre7\bin\msvcr100.dll
0x00000000501b0000 - 0x00000000508cf000 	C:\Program Files\Java\jre7\bin\server\jvm.dll
0x00007ffa7d960000 - 0x00007ffa7d968000 	C:\WINDOWS\system32\PSAPI.DLL
0x00007ffa74db0000 - 0x00007ffa74db9000 	C:\WINDOWS\SYSTEM32\WSOCK32.dll
0x00007ffa7cff0000 - 0x00007ffa7d05b000 	C:\WINDOWS\system32\WS2_32.dll
0x00007ffa7a720000 - 0x00007ffa7a743000 	C:\WINDOWS\SYSTEM32\WINMM.dll
0x00007ffa7a6c0000 - 0x00007ffa7a6ec000 	C:\WINDOWS\SYSTEM32\WINMMBASE.dll
0x00007ffa7c950000 - 0x00007ffa7c993000 	C:\WINDOWS\system32\cfgmgr32.dll
0x0000000050b60000 - 0x0000000050b6f000 	C:\Program Files\Java\jre7\bin\verify.dll
0x0000000050b30000 - 0x0000000050b58000 	C:\Program Files\Java\jre7\bin\java.dll
0x0000000050b10000 - 0x0000000050b25000 	C:\Program Files\Java\jre7\bin\zip.dll

VM Arguments:
jvm_args: -Dfile.encoding=Cp1252 
java_command: espTest1.ServerMain
Launcher Type: SUN_STANDARD

Environment Variables:
PATH=C:\Program Files (x86)\Common Files\Intel\Shared Files\cpp\bin\Intel64;C:\Program Files (x86)\Intel\iCLS Client\;C:\Program Files\Intel\iCLS Client\;C:\WINDOWS\system32;C:\WINDOWS;C:\WINDOWS\System32\Wbem;C:\WINDOWS\System32\WindowsPowerShell\v1.0\;C:\Program Files (x86)\Windows Live\Shared;C:\Program Files\Intel\Intel(R) Management Engine Components\DAL;C:\Program Files\Intel\Intel(R) Management Engine Components\IPT;C:\Program Files (x86)\Intel\Intel(R) Management Engine Components\DAL;C:\Program Files (x86)\Intel\Intel(R) Management Engine Components\IPT;C:\Program Files (x86)\Intel\OpenCL SDK\2.0\bin\x86;C:\Program Files (x86)\Intel\OpenCL SDK\2.0\bin\x64;C:\Program Files (x86)\MySQL\MySQL Utilities 1.3.6\;C:\Program Files (x86)\Microsoft SQL Server\100\Tools\Binn\;C:\Program Files (x86)\Microsoft SQL Server\100\DTS\Binn\;C:\MinGW\bin;C:\WINDOWS\system32\config\systemprofile\.dnx\bin;C:\Program Files\Microsoft DNX\Dnvm\;C:\Program Files\Microsoft SQL Server\130\Tools\Binn\;C:\Program Files (x86)\Windows Kits\8.1\Windows Performance Toolkit\;C:\Program Files (x86)\Skype\Phone\
USERNAME=Lani
OS=Windows_NT
PROCESSOR_IDENTIFIER=Intel64 Family 6 Model 58 Stepping 9, GenuineIntel



---------------  S Y S T E M  ---------------

OS: Windows 8 , 64 bit Build 9200 

CPU:total 2 (2 cores per cpu, 1 threads per core) family 6 model 58 stepping 9, cmov, cx8, fxsr, mmx, sse, sse2, sse3, ssse3, sse4.1, sse4.2, popcnt, tsc, tscinvbit, tscinv

Memory: 4k page, physical 1980268k(135488k free), swap 8009580k(6044k free)

vm_info: Java HotSpot(TM) 64-Bit Server VM (23.7-b01) for windows-amd64 JRE (1.7.0_13-b20), built on Jan 30 2013 10:10:00 by "java_re" with unknown MS VC++:1600

time: Tue Sep 06 14:53:35 2016
elapsed time: 0 seconds

